<?xml version="1.0" encoding="UTF-8" ?>
<testsuite errors="0" skipped="4" tests="37" time="0.046" failures="0" name="de.kerner.commons.collection.MappedVectorMutableTest">
  <properties>
[...]
</properties>
  <testcase classname="de.kerner.commons.collection.MappedVectorMutableTest" time="0.033" name="testMappedVectorMutable">
    <skipped/>
  </testcase>
  <testcase classname="de.kerner.commons.collection.MappedVectorMutableTest" time="0.034" name="testMappedVectorMutableInt">
    <skipped/>
  </testcase>
  <testcase classname="de.kerner.commons.collection.MappedVectorMutableTest" time="0.034" name="testMappedVectorMutableCollectionOfV">
    <skipped/>
  </testcase>
  <testcase classname="de.kerner.commons.collection.MappedVectorMutableTest" time="0.034" name="testMappedVectorMutableIntInt">
    <skipped/>
  </testcase>
  <testcase classname="de.kerner.commons.collection.MappedVectorMutableTest" time="0.003" name="testAddObjectV"/>
  <testcase classname="de.kerner.commons.collection.MappedVectorMutableTest" time="0" name="testAddObjectV01"/>
  <testcase classname="de.kerner.commons.collection.MappedVectorMutableTest" time="0" name="testAddIntV"/>
  <testcase classname="de.kerner.commons.collection.MappedVectorMutableTest" time="0" name="testAddIntV01"/>
  <testcase classname="de.kerner.commons.collection.MappedVectorMutableTest" time="0.001" name="testAddIntObjectV"/>
  <testcase classname="de.kerner.commons.collection.MappedVectorMutableTest" time="0" name="testAddIntObjectV01"/>
  <testcase classname="de.kerner.commons.collection.MappedVectorMutableTest" time="0" name="testAddIntObjectV02"/>
  <testcase classname="de.kerner.commons.collection.MappedVectorMutableTest" time="0.001" name="testReplaceAtIndexIntV"/>
  <testcase classname="de.kerner.commons.collection.MappedVectorMutableTest" time="0" name="testReplaceAtIndexIntV02"/>
  <testcase classname="de.kerner.commons.collection.MappedVectorMutableTest" time="0" name="testReplaceAtIndexIntV03"/>
  <testcase classname="de.kerner.commons.collection.MappedVectorMutableTest" time="0.001" name="testReplaceAtIndexIntV04"/>
  <testcase classname="de.kerner.commons.collection.MappedVectorMutableTest" time="0" name="testReplaceAtIndexIntV05"/>
  <testcase classname="de.kerner.commons.collection.MappedVectorMutableTest" time="0" name="testReplaceAtIndexIntV06"/>
  <testcase classname="de.kerner.commons.collection.MappedVectorMutableTest" time="0.001" name="testReplaceAtIndexIntV07"/>
  <testcase classname="de.kerner.commons.collection.MappedVectorMutableTest" time="0" name="testReplaceAtIndexIntV08"/>
  <testcase classname="de.kerner.commons.collection.MappedVectorMutableTest" time="0.002" name="testReplaceAtIndexIntObjectV"/>
  <testcase classname="de.kerner.commons.collection.MappedVectorMutableTest" time="0" name="testReplaceAtIndexIntObjectV01"/>
  <testcase classname="de.kerner.commons.collection.MappedVectorMutableTest" time="0" name="testReplaceAtIndexIntObjectV02"/>
  <testcase classname="de.kerner.commons.collection.MappedVectorMutableTest" time="0" name="testReplaceAtIndexIntObjectV03"/>
  <testcase classname="de.kerner.commons.collection.MappedVectorMutableTest" time="0" name="testReplaceAtIndexIntObjectV04"/>
  <testcase classname="de.kerner.commons.collection.MappedVectorMutableTest" time="0" name="testReplaceAtIndexIntObjectV05"/>
  <testcase classname="de.kerner.commons.collection.MappedVectorMutableTest" time="0" name="testReplaceAtIndexIntObjectV06"/>
  <testcase classname="de.kerner.commons.collection.MappedVectorMutableTest" time="0.001" name="testReplaceAtIndexIntObjectV07"/>
  <testcase classname="de.kerner.commons.collection.MappedVectorMutableTest" time="0" name="testReplaceAtIndexIntObjectV08"/>
  <testcase classname="de.kerner.commons.collection.MappedVectorMutableTest" time="0.001" name="testReplaceAtIndexObjectV"/>
  <testcase classname="de.kerner.commons.collection.MappedVectorMutableTest" time="0" name="testReplaceAtIndexObjectV01"/>
  <testcase classname="de.kerner.commons.collection.MappedVectorMutableTest" time="0" name="testReplaceAtIndexObjectV02"/>
  <testcase classname="de.kerner.commons.collection.MappedVectorMutableTest" time="0" name="testReplaceAtIndexObjectV03"/>
  <testcase classname="de.kerner.commons.collection.MappedVectorMutableTest" time="0" name="testReplaceAtIndexObjectV04"/>
  <testcase classname="de.kerner.commons.collection.MappedVectorMutableTest" time="0" name="testReplaceAtIndexObjectV05"/>
  <testcase classname="de.kerner.commons.collection.MappedVectorMutableTest" time="0" name="testReplaceAtIndexObjectV06"/>
  <testcase classname="de.kerner.commons.collection.MappedVectorMutableTest" time="0" name="testReplaceAtIndexObjectV07"/>
  <testcase classname="de.kerner.commons.collection.MappedVectorMutableTest" time="0.001" name="testReplaceAtIndexObjectV08"/>
</testsuite>