<?xml version="1.0" encoding="UTF-8" ?>
<testsuite errors="0" skipped="0" tests="11" time="0.025" failures="0" name="de.kerner.commons.AbstractCounterTest">
  <properties>
[...]
</properties>
  <testcase classname="de.kerner.commons.AbstractCounterTest" time="0.002" name="testCount01"/>
  <testcase classname="de.kerner.commons.AbstractCounterTest" time="0" name="testCount02"/>
  <testcase classname="de.kerner.commons.AbstractCounterTest" time="0.001" name="testStop01"/>
  <testcase classname="de.kerner.commons.AbstractCounterTest" time="0" name="testSetInterval01"/>
  <testcase classname="de.kerner.commons.AbstractCounterTest" time="0" name="testSetInterval02"/>
  <testcase classname="de.kerner.commons.AbstractCounterTest" time="0" name="testSetInterval03"/>
  <testcase classname="de.kerner.commons.AbstractCounterTest" time="0" name="testSetInterval04"/>
  <testcase classname="de.kerner.commons.AbstractCounterTest" time="0.001" name="testGetCount"/>
  <testcase classname="de.kerner.commons.AbstractCounterTest" time="0" name="testPerform01"/>
  <testcase classname="de.kerner.commons.AbstractCounterTest" time="0.001" name="testPerform02"/>
  <testcase classname="de.kerner.commons.AbstractCounterTest" time="0" name="testPerform03"/>
</testsuite>