<?xml version="1.0" encoding="UTF-8" ?>
<testsuite errors="0" skipped="5" tests="24" time="0.033" failures="0" name="de.kerner.commons.Matrix2DTest">
  <properties>
[...]
</properties>
  <testcase classname="de.kerner.commons.Matrix2DTest" time="0.022" name="testMatrix2DMatrix2DOfT">
    <skipped/>
  </testcase>
  <testcase classname="de.kerner.commons.Matrix2DTest" time="0.022" name="testMatrix2DListOfListOfT">
    <skipped/>
  </testcase>
  <testcase classname="de.kerner.commons.Matrix2DTest" time="0.005" name="testMatrix2D"/>
  <testcase classname="de.kerner.commons.Matrix2DTest" time="0.006" name="testMatrix2DTArrayArray">
    <skipped/>
  </testcase>
  <testcase classname="de.kerner.commons.Matrix2DTest" time="0.006" name="testAddRow">
    <skipped/>
  </testcase>
  <testcase classname="de.kerner.commons.Matrix2DTest" time="0.005" name="testGetRow"/>
  <testcase classname="de.kerner.commons.Matrix2DTest" time="0" name="testGetRow01"/>
  <testcase classname="de.kerner.commons.Matrix2DTest" time="0" name="testGetRow02"/>
  <testcase classname="de.kerner.commons.Matrix2DTest" time="0" name="testGetRows"/>
  <testcase classname="de.kerner.commons.Matrix2DTest" time="0" name="testGetRows01"/>
  <testcase classname="de.kerner.commons.Matrix2DTest" time="0" name="testGetRowNumber"/>
  <testcase classname="de.kerner.commons.Matrix2DTest" time="0" name="testGetColumn"/>
  <testcase classname="de.kerner.commons.Matrix2DTest" time="0" name="testGetColumn01"/>
  <testcase classname="de.kerner.commons.Matrix2DTest" time="0" name="testGetColumn02"/>
  <testcase classname="de.kerner.commons.Matrix2DTest" time="0.001" name="testGetColumn03"/>
  <testcase classname="de.kerner.commons.Matrix2DTest" time="0" name="testGetColumn04"/>
  <testcase classname="de.kerner.commons.Matrix2DTest" time="0" name="testGetColumns">
    <skipped/>
  </testcase>
  <testcase classname="de.kerner.commons.Matrix2DTest" time="0" name="testGetColumnNumber"/>
  <testcase classname="de.kerner.commons.Matrix2DTest" time="0" name="testInvert"/>
  <testcase classname="de.kerner.commons.Matrix2DTest" time="0" name="testInvert01"/>
  <testcase classname="de.kerner.commons.Matrix2DTest" time="0.002" name="testEqualsObject"/>
  <testcase classname="de.kerner.commons.Matrix2DTest" time="0.001" name="testEqualsObject01"/>
  <testcase classname="de.kerner.commons.Matrix2DTest" time="0" name="testEqualsObject02"/>
  <testcase classname="de.kerner.commons.Matrix2DTest" time="0.001" name="testEqualsObject03"/>
</testsuite>